<?xml version="1.0" encoding="UTF-8"?>
<!-- Generated by org.testng.reporters.JUnitXMLReporter -->
<testsuite ignored="0" hostname="LIN76003319" failures="0" tests="3" name="Test" time="6.357" errors="0" timestamp="2022-09-14T12:32:33 IST">
  <testcase classname="TestCasesSwagLabs.SwagLabsLogin" name="Test1" time="0.454"/>
  <testcase classname="TestCasesSwagLabs.SwagLabsLogin" name="Test2" time="0.506"/>
  <testcase classname="TestCasesSwagLabs.HomeTestLabs" name="Test1" time="0.002"/>
</testsuite> <!-- Test -->
