<?xml version="1.0" encoding="UTF-8"?>
<!-- Generated by org.testng.reporters.JUnitXMLReporter -->
<testsuite ignored="2" hostname="LIN76003319" failures="0" tests="4" name="Test" time="8.742" errors="0" timestamp="2022-09-14T13:31:37 IST">
  <testcase classname="TestCasesSwagLabs.SwagLabsLogin" name="Test1" time="0.299"/>
  <testcase classname="TestCasesSwagLabs.SwagLabsLogin" name="Test2" time="0.404"/>
  <testcase classname="TestCasesSwagLabs.SwagLabsLogin" name="Test3" time="0.29"/>
  <testcase classname="TestCasesSwagLabs.HomeTestLabs" name="Test1" time="0.001"/>
  <testcase classname="TestCasesSwagLabs.BaseClassLabs" name="@BeforeTest DataSetup" time="0.0">
    <ignored/>
  </testcase> <!-- @BeforeTest DataSetup -->
  <testcase classname="TestCasesSwagLabs.BaseClassLabs" name="@AfterTest DataClean" time="0.0">
    <ignored/>
  </testcase> <!-- @AfterTest DataClean -->
</testsuite> <!-- Test -->
